\BOOKMARK [1][-]{Doc-Start}{\376\377\000E\000d\000u\000c\000a\000t\000i\000o\000n}{}% 1
\BOOKMARK [2][-]{section*.1}{\376\377\000M\000a\000s\000t\000e\000r\000\040\000o\000f\000\040\000S\000c\000i\000e\000n\000c\000e\000\040\000\050\000P\000h\000y\000s\000i\000c\000s\000\051}{Doc-Start}% 2
\BOOKMARK [2][-]{section*.2}{\376\377\000B\000a\000c\000h\000e\000l\000o\000r\000\040\000o\000f\000\040\000S\000c\000i\000e\000n\000c\000e\000\040\000\050\000P\000h\000y\000s\000i\000c\000s\000,\000\040\000C\000h\000e\000m\000i\000s\000t\000r\000y\000\040\000a\000n\000d\000\040\000M\000a\000t\000h\000e\000m\000a\000t\000i\000c\000s\000\051}{Doc-Start}% 3
\BOOKMARK [1][-]{section*.2}{\376\377\000R\000e\000s\000e\000a\000r\000c\000h\000\040\000E\000x\000p\000e\000r\000i\000e\000n\000c\000e}{}% 4
\BOOKMARK [2][-]{section*.3}{\376\377\000R\000e\000s\000e\000a\000r\000c\000h\000\040\000A\000s\000s\000i\000s\000t\000a\000n\000t}{section*.2}% 5
\BOOKMARK [2][-]{section*.4}{\376\377\000V\000i\000s\000i\000t\000i\000n\000g\000\040\000S\000t\000u\000d\000e\000n\000t\000\040\000R\000e\000s\000e\000a\000r\000c\000h\000e\000r}{section*.2}% 6
\BOOKMARK [1][-]{section*.4}{\376\377\000P\000u\000b\000l\000i\000c\000a\000t\000i\000o\000n\000s}{}% 7
\BOOKMARK [1][-]{Item.7}{\376\377\000A\000p\000p\000r\000o\000v\000e\000d\000\040\000T\000a\000r\000g\000e\000t\000\040\000o\000f\000\040\000O\000p\000p\000o\000r\000t\000u\000n\000i\000t\000y\000\040\000p\000r\000o\000p\000o\000s\000a\000l\000s}{}% 8
\BOOKMARK [2][-]{section*.5}{\376\377\000C\000h\000a\000n\000d\000r\000a\000\040\000D\000D\000T\000\040\000\050\000C\000o\000\040\000-\000\040\000P\000I\000\051}{Item.7}% 9
\BOOKMARK [2][-]{section*.6}{\376\377\000A\000s\000t\000r\000o\000S\000a\000t\000\040\000T\000o\000O\000\040\000\050\000C\000o\000\040\000-\000\040\000P\000I\000\051}{Item.7}% 10
\BOOKMARK [2][-]{section*.7}{\376\377\000A\000s\000t\000r\000o\000S\000a\000t\000\040\000T\000o\000O\000\040\000\050\000C\000o\000\040\000-\000\040\000P\000I\000\051}{Item.7}% 11
\BOOKMARK [1][-]{section*.7}{\376\377\000C\000o\000n\000f\000e\000r\000e\000n\000c\000e\000s\000,\000\040\000W\000o\000r\000k\000s\000h\000o\000p\000s\000\040\000a\000n\000d\000\040\000S\000u\000m\000m\000e\000r\000\040\000s\000c\000h\000o\000o\000l\000s}{}% 12
\BOOKMARK [2][-]{section*.8}{\376\377\000T\000h\000e\000\040\0004\0002\000n\000d\000\040\000m\000e\000e\000t\000i\000n\000g\000\040\000o\000f\000\040\000t\000h\000e\000\040\000A\000s\000t\000r\000o\000n\000o\000m\000i\000c\000a\000l\000\040\000S\000o\000c\000i\000e\000t\000y\000\040\000o\000f\000\040\000I\000n\000d\000i\000a}{section*.7}% 13
\BOOKMARK [2][-]{section*.9}{\376\377\000Z\000w\000i\000c\000k\000y\000\040\000T\000r\000a\000n\000s\000i\000e\000n\000t\000\040\000F\000a\000c\000i\000l\000i\000t\000y\000\040\000t\000i\000m\000e\000-\000d\000o\000m\000a\000i\000n\000\040\000a\000s\000t\000r\000o\000n\000o\000m\000y\000\040\000S\000u\000m\000m\000e\000r\000\040\000S\000c\000h\000o\000o\000l}{section*.7}% 14
\BOOKMARK [2][-]{section*.10}{\376\377\000T\000h\000e\000\040\0004\0001\000s\000t\000\040\000m\000e\000e\000t\000i\000n\000g\000\040\000o\000f\000\040\000t\000h\000e\000\040\000A\000s\000t\000r\000o\000n\000o\000m\000i\000c\000a\000l\000\040\000S\000o\000c\000i\000e\000t\000y\000\040\000o\000f\000\040\000I\000n\000d\000i\000a}{section*.7}% 15
\BOOKMARK [2][-]{section*.11}{\376\377\000C\000o\000n\000f\000e\000r\000e\000n\000c\000e\000\040\000o\000n\000\040\0007\000\040\000y\000e\000a\000r\000s\000\040\000o\000f\000\040\000A\000s\000t\000r\000o\000S\000a\000t}{section*.7}% 16
\BOOKMARK [2][-]{section*.12}{\376\377\000T\000i\000m\000e\000\040\000D\000o\000m\000a\000i\000n\000\040\000a\000n\000d\000\040\000M\000u\000l\000t\000i\000-\000M\000e\000s\000s\000e\000n\000g\000e\000r\000\040\000A\000s\000t\000r\000o\000n\000o\000m\000y\000\040\000w\000o\000r\000k\000s\000h\000o\000p}{section*.7}% 17
\BOOKMARK [1][-]{section*.12}{\376\377\000O\000u\000t\000r\000e\000a\000c\000h\000\040\000a\000n\000d\000\040\000P\000o\000s\000i\000t\000i\000o\000n\000s\000\040\000o\000f\000\040\000R\000e\000s\000p\000o\000n\000s\000i\000b\000i\000l\000i\000t\000y}{}% 18
\BOOKMARK [2][-]{section*.13}{\376\377\000P\000r\000o\000g\000r\000a\000m\000\040\000H\000e\000a\000d\000\040\000-\000\040\000A\000s\000t\000e\000r\000o\000i\000d\000\040\000s\000e\000a\000r\000c\000h\000\040\000c\000a\000m\000p\000a\000i\000g\000n}{section*.12}% 19
\BOOKMARK [2][-]{section*.14}{\376\377\000A\000s\000t\000r\000o\000n\000o\000m\000y\000\040\000E\000d\000u\000c\000a\000t\000i\000o\000n\000\040\000C\000o\000n\000t\000e\000n\000t\000\040\000D\000e\000v\000e\000l\000o\000p\000e\000r\000\040\000f\000o\000r\000\040\000I\000S\000R\000O\000'\000s\000\040\000Y\000U\000V\000I\000K\000A\000\040\000p\000r\000o\000g\000r\000a\000m}{section*.12}% 20
\BOOKMARK [2][-]{section*.15}{\376\377\000A\000s\000s\000o\000c\000i\000a\000t\000e\000\040\000e\000d\000i\000t\000o\000r\000\040\000-\000\040\000S\000h\000a\000s\000t\000h\000r\000a\000\040\000S\000n\000e\000h\000i}{section*.12}% 21
